# JRE version: Java(TM) SE Runtime Environment (8.0_201-b09) (build 1.8.0_201-b09)
# Java VM: Java HotSpot(TM) 64-Bit Server VM (25.201-b09 mixed mode windows-amd64 compressed oops)
Heap:
 PSYoungGen      total 142336K, used 120738K [0x00000000f5580000, 0x00000000ff500000, 0x0000000100000000)
  eden space 132608K, 84% used [0x00000000f5580000,0x00000000fc264c88,0x00000000fd700000)
  from space 9728K, 94% used [0x00000000feb80000,0x00000000ff483ec8,0x00000000ff500000)
  to   space 12288K, 0% used [0x00000000fdd00000,0x00000000fdd00000,0x00000000fe900000)
 ParOldGen       total 88576K, used 15038K [0x00000000e0000000, 0x00000000e5680000, 0x00000000f5580000)
  object space 88576K, 16% used [0x00000000e0000000,0x00000000e0eafaa8,0x00000000e5680000)
 Metaspace       used 43419K, capacity 44550K, committed 44672K, reserved 1087488K
  class space    used 6157K, capacity 6504K, committed 6528K, reserved 1048576K
GC Heap History (10 events):
Event: 2.665 GC heap before
{Heap before GC invocations=8 (full 1):
 PSYoungGen      total 76288K, used 66560K [0x00000000f5580000, 0x00000000faa80000, 0x0000000100000000)
  eden space 66560K, 100% used [0x00000000f5580000,0x00000000f9680000,0x00000000f9680000)
  from space 9728K, 0% used [0x00000000fa100000,0x00000000fa100000,0x00000000faa80000)
  to   space 10240K, 0% used [0x00000000f9680000,0x00000000f9680000,0x00000000fa080000)
 ParOldGen       total 57344K, used 7031K [0x00000000e0000000, 0x00000000e3800000, 0x00000000f5580000)
  object space 57344K, 12% used [0x00000000e0000000,0x00000000e06dddb8,0x00000000e3800000)
 Metaspace       used 28640K, capacity 29004K, committed 29440K, reserved 1075200K
  class space    used 3839K, capacity 3979K, committed 4096K, reserved 1048576K
Event: 2.672 GC heap after
Heap after GC invocations=8 (full 1):
 PSYoungGen      total 76800K, used 8506K [0x00000000f5580000, 0x00000000fd280000, 0x0000000100000000)
  eden space 66560K, 0% used [0x00000000f5580000,0x00000000f5580000,0x00000000f9680000)
  from space 10240K, 83% used [0x00000000f9680000,0x00000000f9ece8d0,0x00000000fa080000)
  to   space 10752K, 0% used [0x00000000fc800000,0x00000000fc800000,0x00000000fd280000)
 ParOldGen       total 57344K, used 7039K [0x00000000e0000000, 0x00000000e3800000, 0x00000000f5580000)
  object space 57344K, 12% used [0x00000000e0000000,0x00000000e06dfdb8,0x00000000e3800000)
 Metaspace       used 28640K, capacity 29004K, committed 29440K, reserved 1075200K
  class space    used 3839K, capacity 3979K, committed 4096K, reserved 1048576K
}
Event: 3.223 GC heap before
{Heap before GC invocations=9 (full 1):
 PSYoungGen      total 76800K, used 75066K [0x00000000f5580000, 0x00000000fd280000, 0x0000000100000000)
  eden space 66560K, 100% used [0x00000000f5580000,0x00000000f9680000,0x00000000f9680000)
  from space 10240K, 83% used [0x00000000f9680000,0x00000000f9ece8d0,0x00000000fa080000)
  to   space 10752K, 0% used [0x00000000fc800000,0x00000000fc800000,0x00000000fd280000)
 ParOldGen       total 57344K, used 7039K [0x00000000e0000000, 0x00000000e3800000, 0x00000000f5580000)
  object space 57344K, 12% used [0x00000000e0000000,0x00000000e06dfdb8,0x00000000e3800000)
 Metaspace       used 32900K, capacity 33348K, committed 33664K, reserved 1079296K
  class space    used 4493K, capacity 4676K, committed 4736K, reserved 1048576K
Event: 3.229 GC heap after
Heap after GC invocations=9 (full 1):
 PSYoungGen      total 114176K, used 9501K [0x00000000f5580000, 0x00000000fd180000, 0x0000000100000000)
  eden space 104448K, 0% used [0x00000000f5580000,0x00000000f5580000,0x00000000fbb80000)
  from space 9728K, 97% used [0x00000000fc800000,0x00000000fd147438,0x00000000fd180000)
  to   space 11264K, 0% used [0x00000000fbb80000,0x00000000fbb80000,0x00000000fc680000)
 ParOldGen       total 57344K, used 7047K [0x00000000e0000000, 0x00000000e3800000, 0x00000000f5580000)
  object space 57344K, 12% used [0x00000000e0000000,0x00000000e06e1db8,0x00000000e3800000)
 Metaspace       used 32900K, capacity 33348K, committed 33664K, reserved 1079296K
  class space    used 4493K, capacity 4676K, committed 4736K, reserved 1048576K
}
Event: 3.478 GC heap before
{Heap before GC invocations=10 (full 1):
 PSYoungGen      total 114176K, used 41565K [0x00000000f5580000, 0x00000000fd180000, 0x0000000100000000)
  eden space 104448K, 30% used [0x00000000f5580000,0x00000000f74d00c0,0x00000000fbb80000)
  from space 9728K, 97% used [0x00000000fc800000,0x00000000fd147438,0x00000000fd180000)
  to   space 11264K, 0% used [0x00000000fbb80000,0x00000000fbb80000,0x00000000fc680000)
 ParOldGen       total 57344K, used 7047K [0x00000000e0000000, 0x00000000e3800000, 0x00000000f5580000)
  object space 57344K, 12% used [0x00000000e0000000,0x00000000e06e1db8,0x00000000e3800000)
 Metaspace       used 34734K, capacity 35222K, committed 35456K, reserved 1079296K
  class space    used 4798K, capacity 4960K, committed 4992K, reserved 1048576K
Event: 3.484 GC heap after
Heap after GC invocations=10 (full 1):
 PSYoungGen      total 115712K, used 9248K [0x00000000f5580000, 0x00000000ff700000, 0x0000000100000000)
  eden space 104448K, 0% used [0x00000000f5580000,0x00000000f5580000,0x00000000fbb80000)
  from space 11264K, 82% used [0x00000000fbb80000,0x00000000fc4880b0,0x00000000fc680000)
  to   space 11776K, 0% used [0x00000000feb80000,0x00000000feb80000,0x00000000ff700000)
 ParOldGen       total 57344K, used 7055K [0x00000000e0000000, 0x00000000e3800000, 0x00000000f5580000)
  object space 57344K, 12% used [0x00000000e0000000,0x00000000e06e3db8,0x00000000e3800000)
 Metaspace       used 34734K, capacity 35222K, committed 35456K, reserved 1079296K
  class space    used 4798K, capacity 4960K, committed 4992K, reserved 1048576K
}
Event: 3.484 GC heap before
{Heap before GC invocations=11 (full 2):
 PSYoungGen      total 115712K, used 9248K [0x00000000f5580000, 0x00000000ff700000, 0x0000000100000000)
  eden space 104448K, 0% used [0x00000000f5580000,0x00000000f5580000,0x00000000fbb80000)
  from space 11264K, 82% used [0x00000000fbb80000,0x00000000fc4880b0,0x00000000fc680000)
  to   space 11776K, 0% used [0x00000000feb80000,0x00000000feb80000,0x00000000ff700000)
 ParOldGen       total 57344K, used 7055K [0x00000000e0000000, 0x00000000e3800000, 0x00000000f5580000)
  object space 57344K, 12% used [0x00000000e0000000,0x00000000e06e3db8,0x00000000e3800000)
 Metaspace       used 34734K, capacity 35222K, committed 35456K, reserved 1079296K
  class space    used 4798K, capacity 4960K, committed 4992K, reserved 1048576K
Event: 3.523 GC heap after
Heap after GC invocations=11 (full 2):
 PSYoungGen      total 115712K, used 0K [0x00000000f5580000, 0x00000000ff700000, 0x0000000100000000)
  eden space 104448K, 0% used [0x00000000f5580000,0x00000000f5580000,0x00000000fbb80000)
  from space 11264K, 0% used [0x00000000fbb80000,0x00000000fbb80000,0x00000000fc680000)
  to   space 11776K, 0% used [0x00000000feb80000,0x00000000feb80000,0x00000000ff700000)
 ParOldGen       total 88576K, used 15030K [0x00000000e0000000, 0x00000000e5680000, 0x00000000f5580000)
  object space 88576K, 16% used [0x00000000e0000000,0x00000000e0eadaa8,0x00000000e5680000)
 Metaspace       used 34638K, capacity 35090K, committed 35456K, reserved 1079296K
  class space    used 4776K, capacity 4916K, committed 4992K, reserved 1048576K
}
Event: 4.306 GC heap before
{Heap before GC invocations=12 (full 2):
 PSYoungGen      total 115712K, used 104448K [0x00000000f5580000, 0x00000000ff700000, 0x0000000100000000)
  eden space 104448K, 100% used [0x00000000f5580000,0x00000000fbb80000,0x00000000fbb80000)
  from space 11264K, 0% used [0x00000000fbb80000,0x00000000fbb80000,0x00000000fc680000)
  to   space 11776K, 0% used [0x00000000feb80000,0x00000000feb80000,0x00000000ff700000)
 ParOldGen       total 88576K, used 15030K [0x00000000e0000000, 0x00000000e5680000, 0x00000000f5580000)
  object space 88576K, 16% used [0x00000000e0000000,0x00000000e0eadaa8,0x00000000e5680000)
 Metaspace       used 40779K, capacity 41608K, committed 41856K, reserved 1085440K
  class space    used 5765K, capacity 5974K, committed 6016K, reserved 1048576K
Event: 4.312 GC heap after
Heap after GC invocations=12 (full 2):
 PSYoungGen      total 142336K, used 9231K [0x00000000f5580000, 0x00000000ff500000, 0x0000000100000000)
  eden space 132608K, 0% used [0x00000000f5580000,0x00000000f5580000,0x00000000fd700000)
  from space 9728K, 94% used [0x00000000feb80000,0x00000000ff483ec8,0x00000000ff500000)
  to   space 12288K, 0% used [0x00000000fdd00000,0x00000000fdd00000,0x00000000fe900000)
 ParOldGen       total 88576K, used 15038K [0x00000000e0000000, 0x00000000e5680000, 0x00000000f5580000)
  object space 88576K, 16% used [0x00000000e0000000,0x00000000e0eafaa8,0x00000000e5680000)
 Metaspace       used 40779K, capacity 41608K, committed 41856K, reserved 1085440K
  class space    used 5765K, capacity 5974K, committed 6016K, reserved 1048576K
}

